<?xml version="1.0" encoding="UTF-8"?>
<!-- Generated by org.testng.reporters.JUnitReportReporter -->
<testsuite hostname="VAIO" name="Appium_PKG.NewTest" tests="1" failures="0" timestamp="24 Sep 2015 19:42:23 GMT" time="0.028" errors="0">
  <testcase name="testforTestNG" time="0.028" classname="Appium_PKG.NewTest"/>
</testsuite> <!-- Appium_PKG.NewTest -->
